2025-04-24 20:06:26 - Error: Page not found in C:\Users\shriz\OneDrive\Desktop\startup\frontend\src\Core\Application.php on line 37
2025-04-24 20:06:26 - Error: Page not found in C:\Users\shriz\OneDrive\Desktop\startup\frontend\src\Core\Application.php on line 37
2025-04-24 20:06:26 - Error: Page not found in C:\Users\shriz\OneDrive\Desktop\startup\frontend\src\Core\Application.php on line 37
2025-04-24 20:06:26 - Error: Page not found in C:\Users\shriz\OneDrive\Desktop\startup\frontend\src\Core\Application.php on line 37
2025-04-24 20:06:28 - Error: Page not found in C:\Users\shriz\OneDrive\Desktop\startup\frontend\src\Core\Application.php on line 37
2025-04-24 20:06:28 - Error: Page not found in C:\Users\shriz\OneDrive\Desktop\startup\frontend\src\Core\Application.php on line 37
2025-04-24 20:06:45 - Error: Page not found in C:\Users\shriz\OneDrive\Desktop\startup\frontend\src\Core\Application.php on line 37
2025-04-24 20:06:45 - Error: Page not found in C:\Users\shriz\OneDrive\Desktop\startup\frontend\src\Core\Application.php on line 37
2025-04-24 20:06:45 - Error: Page not found in C:\Users\shriz\OneDrive\Desktop\startup\frontend\src\Core\Application.php on line 37
2025-04-24 20:06:45 - Error: Page not found in C:\Users\shriz\OneDrive\Desktop\startup\frontend\src\Core\Application.php on line 37
2025-04-24 20:06:46 - Error: Page not found in C:\Users\shriz\OneDrive\Desktop\startup\frontend\src\Core\Application.php on line 37
2025-04-24 20:06:46 - Error: Page not found in C:\Users\shriz\OneDrive\Desktop\startup\frontend\src\Core\Application.php on line 37
2025-04-24 20:06:46 - Error: Page not found in C:\Users\shriz\OneDrive\Desktop\startup\frontend\src\Core\Application.php on line 37
2025-04-24 20:06:47 - Error: Page not found in C:\Users\shriz\OneDrive\Desktop\startup\frontend\src\Core\Application.php on line 37
2025-04-24 20:06:48 - Error: Page not found in C:\Users\shriz\OneDrive\Desktop\startup\frontend\src\Core\Application.php on line 37
2025-04-24 20:06:48 - Error: Page not found in C:\Users\shriz\OneDrive\Desktop\startup\frontend\src\Core\Application.php on line 37
2025-04-24 20:08:07 - Error: Class "Auth" not found in C:\Users\shriz\OneDrive\Desktop\startup\frontend\templates\register.php on line 9
2025-04-24 20:08:07 - Error: Page not found in C:\Users\shriz\OneDrive\Desktop\startup\frontend\src\Core\Application.php on line 45
2025-04-24 20:08:08 - Error: Class "Auth" not found in C:\Users\shriz\OneDrive\Desktop\startup\frontend\templates\register.php on line 9
2025-04-24 20:08:08 - Error: Page not found in C:\Users\shriz\OneDrive\Desktop\startup\frontend\src\Core\Application.php on line 45
2025-04-24 20:08:09 - Error: Page not found in C:\Users\shriz\OneDrive\Desktop\startup\frontend\src\Core\Application.php on line 45
2025-04-24 20:08:11 - Error: Class "Auth" not found in C:\Users\shriz\OneDrive\Desktop\startup\frontend\templates\register.php on line 9
2025-04-24 20:08:11 - Error: Page not found in C:\Users\shriz\OneDrive\Desktop\startup\frontend\src\Core\Application.php on line 45
2025-04-24 20:08:15 - Error: Page not found in C:\Users\shriz\OneDrive\Desktop\startup\frontend\src\Core\Application.php on line 45
2025-04-24 20:08:24 - Error: Page not found in C:\Users\shriz\OneDrive\Desktop\startup\frontend\src\Core\Application.php on line 45
2025-04-24 20:08:24 - Error: Page not found in C:\Users\shriz\OneDrive\Desktop\startup\frontend\src\Core\Application.php on line 45
2025-04-24 20:10:18 - Error: require_once(C:\Users\shriz\OneDrive\Desktop\startup\frontend/templates/about.php): Failed to open stream: No such file or directory in C:\Users\shriz\OneDrive\Desktop\startup\frontend\src\Core\Controller.php on line 11
2025-04-24 20:10:18 - Error: Failed opening required 'C:\Users\shriz\OneDrive\Desktop\startup\frontend/templates/about.php' (include_path='.;C:\php\pear') in C:\Users\shriz\OneDrive\Desktop\startup\frontend\src\Core\Controller.php on line 11
2025-04-24 20:10:18 - Error: Page not found in C:\Users\shriz\OneDrive\Desktop\startup\frontend\src\Core\Application.php on line 45
2025-04-24 20:10:20 - Error: Page not found in C:\Users\shriz\OneDrive\Desktop\startup\frontend\src\Core\Application.php on line 45
2025-04-24 20:10:24 - Error: Class "Auth" not found in C:\Users\shriz\OneDrive\Desktop\startup\frontend\templates\register.php on line 9
2025-04-24 20:10:24 - Error: Page not found in C:\Users\shriz\OneDrive\Desktop\startup\frontend\src\Core\Application.php on line 45
2025-04-24 20:10:30 - Error: Page not found in C:\Users\shriz\OneDrive\Desktop\startup\frontend\src\Core\Application.php on line 45
2025-04-24 20:10:31 - Error: require_once(C:\Users\shriz\OneDrive\Desktop\startup\frontend/templates/about.php): Failed to open stream: No such file or directory in C:\Users\shriz\OneDrive\Desktop\startup\frontend\src\Core\Controller.php on line 11
2025-04-24 20:10:31 - Error: Failed opening required 'C:\Users\shriz\OneDrive\Desktop\startup\frontend/templates/about.php' (include_path='.;C:\php\pear') in C:\Users\shriz\OneDrive\Desktop\startup\frontend\src\Core\Controller.php on line 11
2025-04-24 20:10:31 - Error: Page not found in C:\Users\shriz\OneDrive\Desktop\startup\frontend\src\Core\Application.php on line 45
2025-04-24 20:12:48 - Error: require_once(C:\Users\shriz\OneDrive\Desktop\startup\frontend/src/Views/home.php): Failed to open stream: No such file or directory in C:\Users\shriz\OneDrive\Desktop\startup\frontend\src\Core\Controller.php on line 11
2025-04-24 20:12:48 - Error: Failed opening required 'C:\Users\shriz\OneDrive\Desktop\startup\frontend/src/Views/home.php' (include_path='.;C:\php\pear') in C:\Users\shriz\OneDrive\Desktop\startup\frontend\src\Core\Controller.php on line 11
2025-04-24 20:12:48 - Error: Page not found in C:\Users\shriz\OneDrive\Desktop\startup\frontend\src\Core\Application.php on line 45
2025-04-24 20:12:49 - Error: require_once(C:\Users\shriz\OneDrive\Desktop\startup\frontend/src/Views/register.php): Failed to open stream: No such file or directory in C:\Users\shriz\OneDrive\Desktop\startup\frontend\src\Core\Controller.php on line 11
2025-04-24 20:12:49 - Error: Failed opening required 'C:\Users\shriz\OneDrive\Desktop\startup\frontend/src/Views/register.php' (include_path='.;C:\php\pear') in C:\Users\shriz\OneDrive\Desktop\startup\frontend\src\Core\Controller.php on line 11
2025-04-24 20:12:49 - Error: Page not found in C:\Users\shriz\OneDrive\Desktop\startup\frontend\src\Core\Application.php on line 45
2025-04-24 20:12:49 - Error: require_once(C:\Users\shriz\OneDrive\Desktop\startup\frontend/src/Views/home.php): Failed to open stream: No such file or directory in C:\Users\shriz\OneDrive\Desktop\startup\frontend\src\Core\Controller.php on line 11
2025-04-24 20:12:49 - Error: Failed opening required 'C:\Users\shriz\OneDrive\Desktop\startup\frontend/src/Views/home.php' (include_path='.;C:\php\pear') in C:\Users\shriz\OneDrive\Desktop\startup\frontend\src\Core\Controller.php on line 11
2025-04-24 20:12:50 - Error: Page not found in C:\Users\shriz\OneDrive\Desktop\startup\frontend\src\Core\Application.php on line 45
2025-04-24 20:12:52 - Error: require_once(C:\Users\shriz\OneDrive\Desktop\startup\frontend/src/Views/home.php): Failed to open stream: No such file or directory in C:\Users\shriz\OneDrive\Desktop\startup\frontend\src\Core\Controller.php on line 11
2025-04-24 20:12:52 - Error: Failed opening required 'C:\Users\shriz\OneDrive\Desktop\startup\frontend/src/Views/home.php' (include_path='.;C:\php\pear') in C:\Users\shriz\OneDrive\Desktop\startup\frontend\src\Core\Controller.php on line 11
2025-04-24 20:12:52 - Error: Page not found in C:\Users\shriz\OneDrive\Desktop\startup\frontend\src\Core\Application.php on line 45
2025-04-24 20:12:53 - Error: require_once(C:\Users\shriz\OneDrive\Desktop\startup\frontend/src/Views/home.php): Failed to open stream: No such file or directory in C:\Users\shriz\OneDrive\Desktop\startup\frontend\src\Core\Controller.php on line 11
2025-04-24 20:12:53 - Error: Failed opening required 'C:\Users\shriz\OneDrive\Desktop\startup\frontend/src/Views/home.php' (include_path='.;C:\php\pear') in C:\Users\shriz\OneDrive\Desktop\startup\frontend\src\Core\Controller.php on line 11
2025-04-24 20:12:53 - Error: Page not found in C:\Users\shriz\OneDrive\Desktop\startup\frontend\src\Core\Application.php on line 45
2025-04-24 20:12:53 - Error: require_once(C:\Users\shriz\OneDrive\Desktop\startup\frontend/src/Views/home.php): Failed to open stream: No such file or directory in C:\Users\shriz\OneDrive\Desktop\startup\frontend\src\Core\Controller.php on line 11
2025-04-24 20:12:53 - Error: Failed opening required 'C:\Users\shriz\OneDrive\Desktop\startup\frontend/src/Views/home.php' (include_path='.;C:\php\pear') in C:\Users\shriz\OneDrive\Desktop\startup\frontend\src\Core\Controller.php on line 11
2025-04-24 20:12:53 - Error: Page not found in C:\Users\shriz\OneDrive\Desktop\startup\frontend\src\Core\Application.php on line 45
2025-04-24 20:12:54 - Error: require_once(C:\Users\shriz\OneDrive\Desktop\startup\frontend/src/Views/home.php): Failed to open stream: No such file or directory in C:\Users\shriz\OneDrive\Desktop\startup\frontend\src\Core\Controller.php on line 11
2025-04-24 20:12:54 - Error: Failed opening required 'C:\Users\shriz\OneDrive\Desktop\startup\frontend/src/Views/home.php' (include_path='.;C:\php\pear') in C:\Users\shriz\OneDrive\Desktop\startup\frontend\src\Core\Controller.php on line 11
2025-04-24 20:12:54 - Error: Page not found in C:\Users\shriz\OneDrive\Desktop\startup\frontend\src\Core\Application.php on line 45
2025-04-24 20:12:54 - Error: require_once(C:\Users\shriz\OneDrive\Desktop\startup\frontend/src/Views/home.php): Failed to open stream: No such file or directory in C:\Users\shriz\OneDrive\Desktop\startup\frontend\src\Core\Controller.php on line 11
2025-04-24 20:12:54 - Error: Failed opening required 'C:\Users\shriz\OneDrive\Desktop\startup\frontend/src/Views/home.php' (include_path='.;C:\php\pear') in C:\Users\shriz\OneDrive\Desktop\startup\frontend\src\Core\Controller.php on line 11
2025-04-24 20:12:54 - Error: Page not found in C:\Users\shriz\OneDrive\Desktop\startup\frontend\src\Core\Application.php on line 45
2025-04-24 20:12:54 - Error: require_once(C:\Users\shriz\OneDrive\Desktop\startup\frontend/src/Views/home.php): Failed to open stream: No such file or directory in C:\Users\shriz\OneDrive\Desktop\startup\frontend\src\Core\Controller.php on line 11
2025-04-24 20:12:54 - Error: Failed opening required 'C:\Users\shriz\OneDrive\Desktop\startup\frontend/src/Views/home.php' (include_path='.;C:\php\pear') in C:\Users\shriz\OneDrive\Desktop\startup\frontend\src\Core\Controller.php on line 11
2025-04-24 20:12:54 - Error: Page not found in C:\Users\shriz\OneDrive\Desktop\startup\frontend\src\Core\Application.php on line 45
2025-04-24 20:12:54 - Error: require_once(C:\Users\shriz\OneDrive\Desktop\startup\frontend/src/Views/home.php): Failed to open stream: No such file or directory in C:\Users\shriz\OneDrive\Desktop\startup\frontend\src\Core\Controller.php on line 11
2025-04-24 20:12:54 - Error: Failed opening required 'C:\Users\shriz\OneDrive\Desktop\startup\frontend/src/Views/home.php' (include_path='.;C:\php\pear') in C:\Users\shriz\OneDrive\Desktop\startup\frontend\src\Core\Controller.php on line 11
2025-04-24 20:12:54 - Error: Page not found in C:\Users\shriz\OneDrive\Desktop\startup\frontend\src\Core\Application.php on line 45
2025-04-24 20:12:54 - Error: require_once(C:\Users\shriz\OneDrive\Desktop\startup\frontend/src/Views/home.php): Failed to open stream: No such file or directory in C:\Users\shriz\OneDrive\Desktop\startup\frontend\src\Core\Controller.php on line 11
2025-04-24 20:12:54 - Error: Failed opening required 'C:\Users\shriz\OneDrive\Desktop\startup\frontend/src/Views/home.php' (include_path='.;C:\php\pear') in C:\Users\shriz\OneDrive\Desktop\startup\frontend\src\Core\Controller.php on line 11
2025-04-24 20:12:54 - Error: Page not found in C:\Users\shriz\OneDrive\Desktop\startup\frontend\src\Core\Application.php on line 45
2025-04-24 20:12:55 - Error: require_once(C:\Users\shriz\OneDrive\Desktop\startup\frontend/src/Views/home.php): Failed to open stream: No such file or directory in C:\Users\shriz\OneDrive\Desktop\startup\frontend\src\Core\Controller.php on line 11
2025-04-24 20:12:55 - Error: Failed opening required 'C:\Users\shriz\OneDrive\Desktop\startup\frontend/src/Views/home.php' (include_path='.;C:\php\pear') in C:\Users\shriz\OneDrive\Desktop\startup\frontend\src\Core\Controller.php on line 11
2025-04-24 20:12:55 - Error: Page not found in C:\Users\shriz\OneDrive\Desktop\startup\frontend\src\Core\Application.php on line 45
2025-04-24 20:12:55 - Error: require_once(C:\Users\shriz\OneDrive\Desktop\startup\frontend/src/Views/home.php): Failed to open stream: No such file or directory in C:\Users\shriz\OneDrive\Desktop\startup\frontend\src\Core\Controller.php on line 11
2025-04-24 20:12:55 - Error: Failed opening required 'C:\Users\shriz\OneDrive\Desktop\startup\frontend/src/Views/home.php' (include_path='.;C:\php\pear') in C:\Users\shriz\OneDrive\Desktop\startup\frontend\src\Core\Controller.php on line 11
2025-04-24 20:12:55 - Error: Page not found in C:\Users\shriz\OneDrive\Desktop\startup\frontend\src\Core\Application.php on line 45
2025-04-24 20:12:55 - Error: require_once(C:\Users\shriz\OneDrive\Desktop\startup\frontend/src/Views/home.php): Failed to open stream: No such file or directory in C:\Users\shriz\OneDrive\Desktop\startup\frontend\src\Core\Controller.php on line 11
2025-04-24 20:12:55 - Error: Failed opening required 'C:\Users\shriz\OneDrive\Desktop\startup\frontend/src/Views/home.php' (include_path='.;C:\php\pear') in C:\Users\shriz\OneDrive\Desktop\startup\frontend\src\Core\Controller.php on line 11
2025-04-24 20:12:55 - Error: Page not found in C:\Users\shriz\OneDrive\Desktop\startup\frontend\src\Core\Application.php on line 45
2025-04-24 20:12:55 - Error: require_once(C:\Users\shriz\OneDrive\Desktop\startup\frontend/src/Views/home.php): Failed to open stream: No such file or directory in C:\Users\shriz\OneDrive\Desktop\startup\frontend\src\Core\Controller.php on line 11
2025-04-24 20:12:55 - Error: Failed opening required 'C:\Users\shriz\OneDrive\Desktop\startup\frontend/src/Views/home.php' (include_path='.;C:\php\pear') in C:\Users\shriz\OneDrive\Desktop\startup\frontend\src\Core\Controller.php on line 11
2025-04-24 20:12:55 - Error: Page not found in C:\Users\shriz\OneDrive\Desktop\startup\frontend\src\Core\Application.php on line 45
2025-04-24 20:12:55 - Error: require_once(C:\Users\shriz\OneDrive\Desktop\startup\frontend/src/Views/home.php): Failed to open stream: No such file or directory in C:\Users\shriz\OneDrive\Desktop\startup\frontend\src\Core\Controller.php on line 11
2025-04-24 20:12:55 - Error: Failed opening required 'C:\Users\shriz\OneDrive\Desktop\startup\frontend/src/Views/home.php' (include_path='.;C:\php\pear') in C:\Users\shriz\OneDrive\Desktop\startup\frontend\src\Core\Controller.php on line 11
2025-04-24 20:12:55 - Error: Page not found in C:\Users\shriz\OneDrive\Desktop\startup\frontend\src\Core\Application.php on line 45
2025-04-24 20:12:55 - Error: require_once(C:\Users\shriz\OneDrive\Desktop\startup\frontend/src/Views/home.php): Failed to open stream: No such file or directory in C:\Users\shriz\OneDrive\Desktop\startup\frontend\src\Core\Controller.php on line 11
2025-04-24 20:12:55 - Error: Failed opening required 'C:\Users\shriz\OneDrive\Desktop\startup\frontend/src/Views/home.php' (include_path='.;C:\php\pear') in C:\Users\shriz\OneDrive\Desktop\startup\frontend\src\Core\Controller.php on line 11
2025-04-24 20:12:55 - Error: Page not found in C:\Users\shriz\OneDrive\Desktop\startup\frontend\src\Core\Application.php on line 45
2025-04-24 20:12:56 - Error: require_once(C:\Users\shriz\OneDrive\Desktop\startup\frontend/src/Views/home.php): Failed to open stream: No such file or directory in C:\Users\shriz\OneDrive\Desktop\startup\frontend\src\Core\Controller.php on line 11
2025-04-24 20:12:56 - Error: Failed opening required 'C:\Users\shriz\OneDrive\Desktop\startup\frontend/src/Views/home.php' (include_path='.;C:\php\pear') in C:\Users\shriz\OneDrive\Desktop\startup\frontend\src\Core\Controller.php on line 11
2025-04-24 20:12:56 - Error: Page not found in C:\Users\shriz\OneDrive\Desktop\startup\frontend\src\Core\Application.php on line 45
2025-04-24 20:13:01 - Error: require_once(C:\Users\shriz\OneDrive\Desktop\startup\frontend/src/Views/home.php): Failed to open stream: No such file or directory in C:\Users\shriz\OneDrive\Desktop\startup\frontend\src\Core\Controller.php on line 11
2025-04-24 20:13:01 - Error: Failed opening required 'C:\Users\shriz\OneDrive\Desktop\startup\frontend/src/Views/home.php' (include_path='.;C:\php\pear') in C:\Users\shriz\OneDrive\Desktop\startup\frontend\src\Core\Controller.php on line 11
2025-04-24 20:13:01 - Error: Page not found in C:\Users\shriz\OneDrive\Desktop\startup\frontend\src\Core\Application.php on line 45
2025-04-24 20:13:02 - Error: require_once(C:\Users\shriz\OneDrive\Desktop\startup\frontend/src/Views/home.php): Failed to open stream: No such file or directory in C:\Users\shriz\OneDrive\Desktop\startup\frontend\src\Core\Controller.php on line 11
2025-04-24 20:13:02 - Error: Failed opening required 'C:\Users\shriz\OneDrive\Desktop\startup\frontend/src/Views/home.php' (include_path='.;C:\php\pear') in C:\Users\shriz\OneDrive\Desktop\startup\frontend\src\Core\Controller.php on line 11
2025-04-24 20:13:02 - Error: Page not found in C:\Users\shriz\OneDrive\Desktop\startup\frontend\src\Core\Application.php on line 45
2025-04-24 20:13:02 - Error: require_once(C:\Users\shriz\OneDrive\Desktop\startup\frontend/src/Views/home.php): Failed to open stream: No such file or directory in C:\Users\shriz\OneDrive\Desktop\startup\frontend\src\Core\Controller.php on line 11
2025-04-24 20:13:02 - Error: Failed opening required 'C:\Users\shriz\OneDrive\Desktop\startup\frontend/src/Views/home.php' (include_path='.;C:\php\pear') in C:\Users\shriz\OneDrive\Desktop\startup\frontend\src\Core\Controller.php on line 11
2025-04-24 20:13:02 - Error: Page not found in C:\Users\shriz\OneDrive\Desktop\startup\frontend\src\Core\Application.php on line 45
2025-04-24 20:13:03 - Error: require_once(C:\Users\shriz\OneDrive\Desktop\startup\frontend/src/Views/home.php): Failed to open stream: No such file or directory in C:\Users\shriz\OneDrive\Desktop\startup\frontend\src\Core\Controller.php on line 11
2025-04-24 20:13:03 - Error: Failed opening required 'C:\Users\shriz\OneDrive\Desktop\startup\frontend/src/Views/home.php' (include_path='.;C:\php\pear') in C:\Users\shriz\OneDrive\Desktop\startup\frontend\src\Core\Controller.php on line 11
2025-04-24 20:13:03 - Error: Page not found in C:\Users\shriz\OneDrive\Desktop\startup\frontend\src\Core\Application.php on line 45
2025-04-24 20:15:31 - Error: require_once(C:\Users\shriz\OneDrive\Desktop\startup\frontend/src/Views/register.php): Failed to open stream: No such file or directory in C:\Users\shriz\OneDrive\Desktop\startup\frontend\src\Core\Controller.php on line 11
2025-04-24 20:15:31 - Error: Failed opening required 'C:\Users\shriz\OneDrive\Desktop\startup\frontend/src/Views/register.php' (include_path='.;C:\php\pear') in C:\Users\shriz\OneDrive\Desktop\startup\frontend\src\Core\Controller.php on line 11
2025-04-24 20:16:01 - Error: require_once(C:\Users\shriz\OneDrive\Desktop\startup\frontend/src/Views/register.php): Failed to open stream: No such file or directory in C:\Users\shriz\OneDrive\Desktop\startup\frontend\src\Core\Controller.php on line 11
2025-04-24 20:16:01 - Error: Failed opening required 'C:\Users\shriz\OneDrive\Desktop\startup\frontend/src/Views/register.php' (include_path='.;C:\php\pear') in C:\Users\shriz\OneDrive\Desktop\startup\frontend\src\Core\Controller.php on line 11
2025-04-24 20:16:05 - Error: Page not found in C:\Users\shriz\OneDrive\Desktop\startup\frontend\src\Core\Application.php on line 64
2025-04-24 20:16:30 - Error: require_once(C:\Users\shriz\OneDrive\Desktop\startup\frontend/src/Views/register.php): Failed to open stream: No such file or directory in C:\Users\shriz\OneDrive\Desktop\startup\frontend\src\Core\Controller.php on line 11
2025-04-24 20:16:30 - Error: Failed opening required 'C:\Users\shriz\OneDrive\Desktop\startup\frontend/src/Views/register.php' (include_path='.;C:\php\pear') in C:\Users\shriz\OneDrive\Desktop\startup\frontend\src\Core\Controller.php on line 11
2025-04-24 20:19:36 - Error: Page not found in C:\Users\shriz\OneDrive\Desktop\startup\frontend\src\Core\Application.php on line 64
2025-04-24 20:19:39 - Error: require_once(C:\Users\shriz\OneDrive\Desktop\startup\frontend/src/Views/register.php): Failed to open stream: No such file or directory in C:\Users\shriz\OneDrive\Desktop\startup\frontend\src\Core\Controller.php on line 11
2025-04-24 20:19:39 - Error: Failed opening required 'C:\Users\shriz\OneDrive\Desktop\startup\frontend/src/Views/register.php' (include_path='.;C:\php\pear') in C:\Users\shriz\OneDrive\Desktop\startup\frontend\src\Core\Controller.php on line 11
2025-04-24 20:23:08 - Error: Database connection failed: could not find driver in C:\Users\shriz\OneDrive\Desktop\startup\frontend\src\Core\Database.php on line 23
2025-04-24 20:23:57 - Error: Database connection failed: could not find driver in C:\Users\shriz\OneDrive\Desktop\startup\frontend\src\Core\Database.php on line 23
2025-04-24 20:27:52 - Error: Database connection failed: could not find driver in C:\Users\shriz\OneDrive\Desktop\startup\frontend\src\Core\Database.php on line 23
2025-04-24 21:05:47 - Error: require_once(C:\Users\shriz\OneDrive\Desktop\startup\frontend\src\Views/../includes/header.php): Failed to open stream: No such file or directory in C:\Users\shriz\OneDrive\Desktop\startup\frontend\src\Views\home.php on line 1
2025-04-24 21:05:47 - Error: Failed opening required 'C:\Users\shriz\OneDrive\Desktop\startup\frontend\src\Views/../includes/header.php' (include_path='.;C:\php\pear') in C:\Users\shriz\OneDrive\Desktop\startup\frontend\src\Views\home.php on line 1
2025-04-24 21:05:47 - Error: require_once(C:\Users\shriz\OneDrive\Desktop\startup\frontend\src\Views/../includes/header.php): Failed to open stream: No such file or directory in C:\Users\shriz\OneDrive\Desktop\startup\frontend\src\Views\home.php on line 1
2025-04-24 21:05:47 - Error: Failed opening required 'C:\Users\shriz\OneDrive\Desktop\startup\frontend\src\Views/../includes/header.php' (include_path='.;C:\php\pear') in C:\Users\shriz\OneDrive\Desktop\startup\frontend\src\Views\home.php on line 1
2025-04-24 21:05:51 - Error: require_once(C:\Users\shriz\OneDrive\Desktop\startup\frontend\src\Views/../includes/header.php): Failed to open stream: No such file or directory in C:\Users\shriz\OneDrive\Desktop\startup\frontend\src\Views\home.php on line 1
2025-04-24 21:05:51 - Error: Failed opening required 'C:\Users\shriz\OneDrive\Desktop\startup\frontend\src\Views/../includes/header.php' (include_path='.;C:\php\pear') in C:\Users\shriz\OneDrive\Desktop\startup\frontend\src\Views\home.php on line 1
2025-04-24 21:05:51 - Error: require_once(C:\Users\shriz\OneDrive\Desktop\startup\frontend\src\Views/../includes/header.php): Failed to open stream: No such file or directory in C:\Users\shriz\OneDrive\Desktop\startup\frontend\src\Views\home.php on line 1
2025-04-24 21:05:51 - Error: Failed opening required 'C:\Users\shriz\OneDrive\Desktop\startup\frontend\src\Views/../includes/header.php' (include_path='.;C:\php\pear') in C:\Users\shriz\OneDrive\Desktop\startup\frontend\src\Views\home.php on line 1
2025-04-24 21:05:52 - Error: require_once(C:\Users\shriz\OneDrive\Desktop\startup\frontend\src\Views/../includes/header.php): Failed to open stream: No such file or directory in C:\Users\shriz\OneDrive\Desktop\startup\frontend\src\Views\home.php on line 1
2025-04-24 21:05:52 - Error: Failed opening required 'C:\Users\shriz\OneDrive\Desktop\startup\frontend\src\Views/../includes/header.php' (include_path='.;C:\php\pear') in C:\Users\shriz\OneDrive\Desktop\startup\frontend\src\Views\home.php on line 1
2025-04-24 21:05:53 - Error: require_once(C:\Users\shriz\OneDrive\Desktop\startup\frontend\src\Views/../includes/header.php): Failed to open stream: No such file or directory in C:\Users\shriz\OneDrive\Desktop\startup\frontend\src\Views\home.php on line 1
2025-04-24 21:05:53 - Error: Failed opening required 'C:\Users\shriz\OneDrive\Desktop\startup\frontend\src\Views/../includes/header.php' (include_path='.;C:\php\pear') in C:\Users\shriz\OneDrive\Desktop\startup\frontend\src\Views\home.php on line 1
2025-04-24 21:07:07 - Error: require_once(C:\Users\shriz\OneDrive\Desktop\startup\frontend\src\Views/../includes/header.php): Failed to open stream: No such file or directory in C:\Users\shriz\OneDrive\Desktop\startup\frontend\src\Views\home.php on line 1
2025-04-24 21:07:07 - Error: Failed opening required 'C:\Users\shriz\OneDrive\Desktop\startup\frontend\src\Views/../includes/header.php' (include_path='.;C:\php\pear') in C:\Users\shriz\OneDrive\Desktop\startup\frontend\src\Views\home.php on line 1
2025-04-24 21:07:07 - Error: require_once(C:\Users\shriz\OneDrive\Desktop\startup\frontend\src\Views/../includes/header.php): Failed to open stream: No such file or directory in C:\Users\shriz\OneDrive\Desktop\startup\frontend\src\Views\home.php on line 1
2025-04-24 21:07:07 - Error: Failed opening required 'C:\Users\shriz\OneDrive\Desktop\startup\frontend\src\Views/../includes/header.php' (include_path='.;C:\php\pear') in C:\Users\shriz\OneDrive\Desktop\startup\frontend\src\Views\home.php on line 1
2025-04-24 21:07:08 - Error: require_once(C:\Users\shriz\OneDrive\Desktop\startup\frontend\src\Views/../includes/header.php): Failed to open stream: No such file or directory in C:\Users\shriz\OneDrive\Desktop\startup\frontend\src\Views\home.php on line 1
2025-04-24 21:07:08 - Error: Failed opening required 'C:\Users\shriz\OneDrive\Desktop\startup\frontend\src\Views/../includes/header.php' (include_path='.;C:\php\pear') in C:\Users\shriz\OneDrive\Desktop\startup\frontend\src\Views\home.php on line 1
2025-04-24 21:07:08 - Error: require_once(C:\Users\shriz\OneDrive\Desktop\startup\frontend\src\Views/../includes/header.php): Failed to open stream: No such file or directory in C:\Users\shriz\OneDrive\Desktop\startup\frontend\src\Views\home.php on line 1
2025-04-24 21:07:08 - Error: Failed opening required 'C:\Users\shriz\OneDrive\Desktop\startup\frontend\src\Views/../includes/header.php' (include_path='.;C:\php\pear') in C:\Users\shriz\OneDrive\Desktop\startup\frontend\src\Views\home.php on line 1
2025-04-24 21:07:35 - Error: require_once(C:\Users\shriz\OneDrive\Desktop\startup\frontend\src\Views/../includes/header.php): Failed to open stream: No such file or directory in C:\Users\shriz\OneDrive\Desktop\startup\frontend\src\Views\home.php on line 1
2025-04-24 21:07:35 - Error: Failed opening required 'C:\Users\shriz\OneDrive\Desktop\startup\frontend\src\Views/../includes/header.php' (include_path='.;C:\php\pear') in C:\Users\shriz\OneDrive\Desktop\startup\frontend\src\Views\home.php on line 1
2025-04-24 21:07:35 - Error: require_once(C:\Users\shriz\OneDrive\Desktop\startup\frontend\src\Views/../includes/header.php): Failed to open stream: No such file or directory in C:\Users\shriz\OneDrive\Desktop\startup\frontend\src\Views\home.php on line 1
2025-04-24 21:07:35 - Error: Failed opening required 'C:\Users\shriz\OneDrive\Desktop\startup\frontend\src\Views/../includes/header.php' (include_path='.;C:\php\pear') in C:\Users\shriz\OneDrive\Desktop\startup\frontend\src\Views\home.php on line 1
2025-04-24 21:07:36 - Error: require_once(C:\Users\shriz\OneDrive\Desktop\startup\frontend\src\Views/../includes/header.php): Failed to open stream: No such file or directory in C:\Users\shriz\OneDrive\Desktop\startup\frontend\src\Views\home.php on line 1
2025-04-24 21:07:36 - Error: Failed opening required 'C:\Users\shriz\OneDrive\Desktop\startup\frontend\src\Views/../includes/header.php' (include_path='.;C:\php\pear') in C:\Users\shriz\OneDrive\Desktop\startup\frontend\src\Views\home.php on line 1
2025-04-24 21:07:36 - Error: require_once(C:\Users\shriz\OneDrive\Desktop\startup\frontend\src\Views/../includes/header.php): Failed to open stream: No such file or directory in C:\Users\shriz\OneDrive\Desktop\startup\frontend\src\Views\home.php on line 1
2025-04-24 21:07:36 - Error: Failed opening required 'C:\Users\shriz\OneDrive\Desktop\startup\frontend\src\Views/../includes/header.php' (include_path='.;C:\php\pear') in C:\Users\shriz\OneDrive\Desktop\startup\frontend\src\Views\home.php on line 1
2025-04-24 21:07:36 - Error: require_once(C:\Users\shriz\OneDrive\Desktop\startup\frontend\src\Views/../includes/header.php): Failed to open stream: No such file or directory in C:\Users\shriz\OneDrive\Desktop\startup\frontend\src\Views\home.php on line 1
2025-04-24 21:07:36 - Error: Failed opening required 'C:\Users\shriz\OneDrive\Desktop\startup\frontend\src\Views/../includes/header.php' (include_path='.;C:\php\pear') in C:\Users\shriz\OneDrive\Desktop\startup\frontend\src\Views\home.php on line 1
2025-04-24 21:07:36 - Error: require_once(C:\Users\shriz\OneDrive\Desktop\startup\frontend\src\Views/../includes/header.php): Failed to open stream: No such file or directory in C:\Users\shriz\OneDrive\Desktop\startup\frontend\src\Views\home.php on line 1
2025-04-24 21:07:36 - Error: Failed opening required 'C:\Users\shriz\OneDrive\Desktop\startup\frontend\src\Views/../includes/header.php' (include_path='.;C:\php\pear') in C:\Users\shriz\OneDrive\Desktop\startup\frontend\src\Views\home.php on line 1
2025-04-24 21:07:36 - Error: require_once(C:\Users\shriz\OneDrive\Desktop\startup\frontend\src\Views/../includes/header.php): Failed to open stream: No such file or directory in C:\Users\shriz\OneDrive\Desktop\startup\frontend\src\Views\home.php on line 1
2025-04-24 21:07:36 - Error: Failed opening required 'C:\Users\shriz\OneDrive\Desktop\startup\frontend\src\Views/../includes/header.php' (include_path='.;C:\php\pear') in C:\Users\shriz\OneDrive\Desktop\startup\frontend\src\Views\home.php on line 1
2025-04-24 21:07:36 - Error: require_once(C:\Users\shriz\OneDrive\Desktop\startup\frontend\src\Views/../includes/header.php): Failed to open stream: No such file or directory in C:\Users\shriz\OneDrive\Desktop\startup\frontend\src\Views\home.php on line 1
2025-04-24 21:07:36 - Error: Failed opening required 'C:\Users\shriz\OneDrive\Desktop\startup\frontend\src\Views/../includes/header.php' (include_path='.;C:\php\pear') in C:\Users\shriz\OneDrive\Desktop\startup\frontend\src\Views\home.php on line 1
2025-04-24 21:07:36 - Error: require_once(C:\Users\shriz\OneDrive\Desktop\startup\frontend\src\Views/../includes/header.php): Failed to open stream: No such file or directory in C:\Users\shriz\OneDrive\Desktop\startup\frontend\src\Views\home.php on line 1
2025-04-24 21:07:36 - Error: Failed opening required 'C:\Users\shriz\OneDrive\Desktop\startup\frontend\src\Views/../includes/header.php' (include_path='.;C:\php\pear') in C:\Users\shriz\OneDrive\Desktop\startup\frontend\src\Views\home.php on line 1
2025-04-24 21:07:36 - Error: require_once(C:\Users\shriz\OneDrive\Desktop\startup\frontend\src\Views/../includes/header.php): Failed to open stream: No such file or directory in C:\Users\shriz\OneDrive\Desktop\startup\frontend\src\Views\home.php on line 1
2025-04-24 21:07:36 - Error: Failed opening required 'C:\Users\shriz\OneDrive\Desktop\startup\frontend\src\Views/../includes/header.php' (include_path='.;C:\php\pear') in C:\Users\shriz\OneDrive\Desktop\startup\frontend\src\Views\home.php on line 1
2025-04-24 21:07:36 - Error: require_once(C:\Users\shriz\OneDrive\Desktop\startup\frontend\src\Views/../includes/header.php): Failed to open stream: No such file or directory in C:\Users\shriz\OneDrive\Desktop\startup\frontend\src\Views\home.php on line 1
2025-04-24 21:07:36 - Error: Failed opening required 'C:\Users\shriz\OneDrive\Desktop\startup\frontend\src\Views/../includes/header.php' (include_path='.;C:\php\pear') in C:\Users\shriz\OneDrive\Desktop\startup\frontend\src\Views\home.php on line 1
2025-04-24 21:07:37 - Error: require_once(C:\Users\shriz\OneDrive\Desktop\startup\frontend\src\Views/../includes/header.php): Failed to open stream: No such file or directory in C:\Users\shriz\OneDrive\Desktop\startup\frontend\src\Views\home.php on line 1
2025-04-24 21:07:37 - Error: Failed opening required 'C:\Users\shriz\OneDrive\Desktop\startup\frontend\src\Views/../includes/header.php' (include_path='.;C:\php\pear') in C:\Users\shriz\OneDrive\Desktop\startup\frontend\src\Views\home.php on line 1
2025-04-24 21:07:37 - Error: require_once(C:\Users\shriz\OneDrive\Desktop\startup\frontend\src\Views/../includes/header.php): Failed to open stream: No such file or directory in C:\Users\shriz\OneDrive\Desktop\startup\frontend\src\Views\home.php on line 1
2025-04-24 21:07:37 - Error: Failed opening required 'C:\Users\shriz\OneDrive\Desktop\startup\frontend\src\Views/../includes/header.php' (include_path='.;C:\php\pear') in C:\Users\shriz\OneDrive\Desktop\startup\frontend\src\Views\home.php on line 1
2025-04-24 21:07:37 - Error: require_once(C:\Users\shriz\OneDrive\Desktop\startup\frontend\src\Views/../includes/header.php): Failed to open stream: No such file or directory in C:\Users\shriz\OneDrive\Desktop\startup\frontend\src\Views\home.php on line 1
2025-04-24 21:07:37 - Error: Failed opening required 'C:\Users\shriz\OneDrive\Desktop\startup\frontend\src\Views/../includes/header.php' (include_path='.;C:\php\pear') in C:\Users\shriz\OneDrive\Desktop\startup\frontend\src\Views\home.php on line 1
